{"C:\\Users\\YOCELIN\\Documents\\Laboratoria\\javascript\\reto-QR-bbva-hack\\index.js": {"path":"C:\\Users\\YOCELIN\\Documents\\Laboratoria\\javascript\\reto-QR-bbva-hack\\index.js","statementMap":{"0":{"start":{"line":2,"column":16},"end":{"line":2,"column":34}},"1":{"start":{"line":3,"column":19},"end":{"line":3,"column":41}},"2":{"start":{"line":4,"column":15},"end":{"line":4,"column":44}},"3":{"start":{"line":6,"column":12},"end":{"line":6,"column":21}},"4":{"start":{"line":8,"column":0},"end":{"line":8,"column":27}},"5":{"start":{"line":9,"column":0},"end":{"line":9,"column":51}},"6":{"start":{"line":11,"column":0},"end":{"line":11,"column":12}},"7":{"start":{"line":13,"column":15},"end":{"line":15,"column":2}},"8":{"start":{"line":14,"column":2},"end":{"line":14,"column":61}}},"fnMap":{"0":{"name":"(anonymous_0)","decl":{"start":{"line":13,"column":32},"end":{"line":13,"column":33}},"loc":{"start":{"line":13,"column":38},"end":{"line":15,"column":1}},"line":13}},"branchMap":{},"s":{"0":1,"1":1,"2":1,"3":1,"4":1,"5":1,"6":1,"7":1,"8":0},"f":{"0":0},"b":{},"_coverageSchema":"332fd63041d2c1bcb487cc26dd0d5f7d97098a6c","hash":"ca56dfbe1894fca26364ed1bdc2fe44e181eca81"}
,"C:\\Users\\YOCELIN\\Documents\\Laboratoria\\javascript\\reto-QR-bbva-hack\\routes\\routes.js": {"path":"C:\\Users\\YOCELIN\\Documents\\Laboratoria\\javascript\\reto-QR-bbva-hack\\routes\\routes.js","statementMap":{"0":{"start":{"line":1,"column":14},"end":{"line":1,"column":30}},"1":{"start":{"line":3,"column":18},"end":{"line":39,"column":1}},"2":{"start":{"line":4,"column":2},"end":{"line":6,"column":5}},"3":{"start":{"line":5,"column":4},"end":{"line":5,"column":68}},"4":{"start":{"line":8,"column":2},"end":{"line":16,"column":5}},"5":{"start":{"line":9,"column":16},"end":{"line":14,"column":5}},"6":{"start":{"line":15,"column":4},"end":{"line":15,"column":31}},"7":{"start":{"line":18,"column":2},"end":{"line":38,"column":5}},"8":{"start":{"line":19,"column":16},"end":{"line":19,"column":18}},"9":{"start":{"line":20,"column":14},"end":{"line":20,"column":28}},"10":{"start":{"line":22,"column":4},"end":{"line":36,"column":5}},"11":{"start":{"line":23,"column":6},"end":{"line":30,"column":7}},"12":{"start":{"line":24,"column":8},"end":{"line":29,"column":11}},"13":{"start":{"line":32,"column":6},"end":{"line":32,"column":34}},"14":{"start":{"line":35,"column":6},"end":{"line":35,"column":67}},"15":{"start":{"line":40,"column":0},"end":{"line":40,"column":27}}},"fnMap":{"0":{"name":"(anonymous_0)","decl":{"start":{"line":3,"column":18},"end":{"line":3,"column":19}},"loc":{"start":{"line":3,"column":33},"end":{"line":39,"column":1}},"line":3},"1":{"name":"(anonymous_1)","decl":{"start":{"line":4,"column":15},"end":{"line":4,"column":16}},"loc":{"start":{"line":4,"column":29},"end":{"line":6,"column":3}},"line":4},"2":{"name":"(anonymous_2)","decl":{"start":{"line":8,"column":19},"end":{"line":8,"column":20}},"loc":{"start":{"line":8,"column":33},"end":{"line":16,"column":3}},"line":8},"3":{"name":"(anonymous_3)","decl":{"start":{"line":18,"column":25},"end":{"line":18,"column":26}},"loc":{"start":{"line":18,"column":39},"end":{"line":38,"column":3}},"line":18}},"branchMap":{"0":{"loc":{"start":{"line":22,"column":4},"end":{"line":36,"column":5}},"type":"if","locations":[{"start":{"line":22,"column":4},"end":{"line":36,"column":5}},{"start":{"line":22,"column":4},"end":{"line":36,"column":5}}],"line":22},"1":{"loc":{"start":{"line":22,"column":8},"end":{"line":22,"column":32}},"type":"binary-expr","locations":[{"start":{"line":22,"column":8},"end":{"line":22,"column":21}},{"start":{"line":22,"column":25},"end":{"line":22,"column":32}}],"line":22}},"s":{"0":1,"1":1,"2":1,"3":0,"4":1,"5":0,"6":0,"7":1,"8":0,"9":0,"10":0,"11":0,"12":0,"13":0,"14":0,"15":1},"f":{"0":1,"1":0,"2":0,"3":0},"b":{"0":[0,0],"1":[0,0]},"_coverageSchema":"332fd63041d2c1bcb487cc26dd0d5f7d97098a6c","hash":"6760832947a63073aced2db9112dca5a757d2cb2"}
}
